<?xml version="1.0" encoding="UTF-8"?>
<!-- Generated by org.testng.reporters.JUnitReportReporter -->
<testsuite skipped="0" hostname="LAPTOP-0HVVEMC9" name="com.qa.testcases.HomePageTest" tests="3" failures="0" timestamp="27 May 2019 23:58:52 GMT" time="59.020" errors="0">
  <testcase name="verifyHomePageTitleTest" time="18.577" classname="com.qa.testcases.HomePageTest"/>
  <testcase name="verifyContactlinkTest" time="19.167" classname="com.qa.testcases.HomePageTest"/>
  <testcase name="VerifyCorrectUserNameTest" time="21.276" classname="com.qa.testcases.HomePageTest"/>
</testsuite> <!-- com.qa.testcases.HomePageTest -->
