<?xml version="1.0" encoding="UTF-8"?>
<!-- Generated by org.testng.reporters.JUnitReportReporter -->
<testsuite skipped="0" hostname="LAPTOP-0HVVEMC9" name="com.qa.testcases.DealsPageTest" tests="5" failures="0" timestamp="27 May 2019 23:58:52 GMT" time="102.198" errors="0">
  <testcase name="ValidateClickOnNewDealsTest" time="19.755" classname="com.qa.testcases.DealsPageTest"/>
  <testcase name="ValidateClickOnNewDealsTest" time="20.034" classname="com.qa.testcases.DealsPageTest"/>
  <testcase name="ValidateClickOnNewDealsTest" time="20.169" classname="com.qa.testcases.DealsPageTest"/>
  <testcase name="ValidateClickOnNewDealsTest" time="22.154" classname="com.qa.testcases.DealsPageTest"/>
  <testcase name="ValidateClickOnNewDealsTest" time="20.086" classname="com.qa.testcases.DealsPageTest"/>
</testsuite> <!-- com.qa.testcases.DealsPageTest -->
